[11:32:20] [main/WARN]: Ambiguity between arguments [teleport, destination] and [teleport, targets] with inputs: [Player, 0123, @e, dd12be42-52a9-4a91-a8a1-11c01849e498]
[11:32:20] [main/WARN]: Ambiguity between arguments [teleport, location] and [teleport, destination] with inputs: [0.1 -0.5 .9, 0 0 0]
[11:32:20] [main/WARN]: Ambiguity between arguments [teleport, location] and [teleport, targets] with inputs: [0.1 -0.5 .9, 0 0 0]
[11:32:20] [main/WARN]: Ambiguity between arguments [teleport, targets] and [teleport, destination] with inputs: [Player, 0123, dd12be42-52a9-4a91-a8a1-11c01849e498]
[11:32:20] [main/WARN]: Ambiguity between arguments [teleport, targets, location] and [teleport, targets, destination] with inputs: [0.1 -0.5 .9, 0 0 0]
[11:32:20] [Server thread/INFO]: Starting minecraft server version 1.15.2
[11:32:20] [Server thread/INFO]: Loading properties
[11:32:20] [Server thread/INFO]: Default game type: SURVIVAL
[11:32:20] [Server thread/INFO]: Generating keypair
[11:32:20] [Server thread/INFO]: Starting Minecraft server on *:25565
[11:32:20] [Server thread/INFO]: Using default channel type
[11:32:21] [Server thread/INFO]: Preparing level "world"
[11:32:21] [Server thread/INFO]: Found new data pack vanilla, loading it automatically
[11:32:21] [Server thread/INFO]: Reloading ResourceManager: Default
[11:32:21] [Server thread/INFO]: Loaded 6 recipes
[11:32:22] [Server thread/INFO]: Loaded 825 advancements
[11:32:28] [Server thread/INFO]: Preparing start region for dimension minecraft:overworld
[11:32:28] [Server-Worker-4/INFO]: Preparing spawn area: 0%
[11:32:28] [Server-Worker-5/INFO]: Preparing spawn area: 0%
[11:32:29] [Server-Worker-2/INFO]: Preparing spawn area: 0%
[11:32:29] [Server-Worker-4/INFO]: Preparing spawn area: 2%
[11:32:30] [Server-Worker-5/INFO]: Preparing spawn area: 3%
[11:32:30] [Server-Worker-6/INFO]: Preparing spawn area: 5%
[11:32:31] [Server-Worker-2/INFO]: Preparing spawn area: 12%
[11:32:31] [Server-Worker-5/INFO]: Preparing spawn area: 16%
[11:32:32] [Server-Worker-4/INFO]: Preparing spawn area: 20%
[11:32:32] [Server-Worker-4/INFO]: Preparing spawn area: 22%
[11:32:33] [Server-Worker-7/INFO]: Preparing spawn area: 22%
[11:32:33] [Server-Worker-2/INFO]: Preparing spawn area: 28%
[11:32:34] [Server-Worker-7/INFO]: Preparing spawn area: 33%
[11:32:34] [Server-Worker-1/INFO]: Preparing spawn area: 35%
[11:32:35] [Server-Worker-4/INFO]: Preparing spawn area: 35%
[11:32:35] [Server-Worker-5/INFO]: Preparing spawn area: 43%
[11:32:36] [Server-Worker-2/INFO]: Preparing spawn area: 47%
[11:32:36] [Server-Worker-6/INFO]: Preparing spawn area: 51%
[11:32:37] [Server-Worker-7/INFO]: Preparing spawn area: 55%
[11:32:37] [Server-Worker-5/INFO]: Preparing spawn area: 57%
[11:32:38] [Server-Worker-5/INFO]: Preparing spawn area: 61%
[11:32:38] [Server-Worker-3/INFO]: Preparing spawn area: 65%
[11:32:39] [Server-Worker-2/INFO]: Preparing spawn area: 69%
[11:32:39] [Server-Worker-6/INFO]: Preparing spawn area: 71%
[11:32:40] [Server-Worker-2/INFO]: Preparing spawn area: 75%
[11:32:40] [Server-Worker-7/INFO]: Preparing spawn area: 79%
[11:32:41] [Server-Worker-4/INFO]: Preparing spawn area: 82%
[11:32:41] [Server-Worker-6/INFO]: Preparing spawn area: 86%
[11:32:42] [Server-Worker-3/INFO]: Preparing spawn area: 89%
[11:32:42] [Server-Worker-3/INFO]: Preparing spawn area: 93%
[11:32:43] [Server-Worker-6/INFO]: Preparing spawn area: 97%
[11:32:43] [Server thread/INFO]: Time elapsed: 15296 ms
[11:32:43] [Server thread/INFO]: Done (22.152s)! For help, type "help"
