[14:45:35] [main/WARN]: Ambiguity between arguments [teleport, destination] and [teleport, targets] with inputs: [Player, 0123, @e, dd12be42-52a9-4a91-a8a1-11c01849e498]
[14:45:35] [main/WARN]: Ambiguity between arguments [teleport, location] and [teleport, destination] with inputs: [0.1 -0.5 .9, 0 0 0]
[14:45:35] [main/WARN]: Ambiguity between arguments [teleport, location] and [teleport, targets] with inputs: [0.1 -0.5 .9, 0 0 0]
[14:45:35] [main/WARN]: Ambiguity between arguments [teleport, targets] and [teleport, destination] with inputs: [Player, 0123, dd12be42-52a9-4a91-a8a1-11c01849e498]
[14:45:35] [main/WARN]: Ambiguity between arguments [teleport, targets, location] and [teleport, targets, destination] with inputs: [0.1 -0.5 .9, 0 0 0]
[14:45:36] [Server thread/INFO]: Starting minecraft server version 1.15.2
[14:45:36] [Server thread/INFO]: Loading properties
[14:45:36] [Server thread/INFO]: Default game type: SURVIVAL
[14:45:36] [Server thread/INFO]: Generating keypair
[14:45:36] [Server thread/INFO]: Starting Minecraft server on *:25565
[14:45:36] [Server thread/INFO]: Using default channel type
[14:45:37] [Server thread/INFO]: Preparing level "world"
[14:45:38] [Server thread/INFO]: Reloading ResourceManager: Default
[14:45:39] [Server thread/INFO]: Loaded 6 recipes
[14:45:39] [Server thread/INFO]: Loaded 825 advancements
[14:45:40] [Server thread/INFO]: Preparing start region for dimension minecraft:overworld
[14:45:42] [Server thread/INFO]: Preparing spawn area: 0%
[14:45:42] [Server thread/INFO]: Preparing spawn area: 0%
[14:45:42] [Server thread/INFO]: Preparing spawn area: 0%
[14:45:42] [Server thread/INFO]: Preparing spawn area: 0%
[14:45:42] [Server thread/INFO]: Preparing spawn area: 0%
[14:45:43] [Server-Worker-5/INFO]: Preparing spawn area: 0%
[14:45:43] [Server-Worker-7/INFO]: Preparing spawn area: 0%
[14:45:43] [Server-Worker-7/INFO]: Preparing spawn area: 0%
[14:45:44] [Server thread/INFO]: Preparing spawn area: 50%
[14:45:46] [Server-Worker-2/INFO]: Preparing spawn area: 83%
[14:45:46] [Server-Worker-2/INFO]: Preparing spawn area: 83%
[14:45:46] [Server-Worker-5/INFO]: Preparing spawn area: 83%
[14:45:46] [Server-Worker-2/INFO]: Preparing spawn area: 83%
[14:45:46] [Server-Worker-4/INFO]: Preparing spawn area: 83%
[14:45:47] [Server-Worker-6/INFO]: Preparing spawn area: 83%
[14:45:47] [Server-Worker-1/INFO]: Preparing spawn area: 83%
[14:45:48] [Server thread/INFO]: Preparing spawn area: 84%
[14:45:48] [Server-Worker-6/INFO]: Preparing spawn area: 89%
[14:45:49] [Server-Worker-1/INFO]: Preparing spawn area: 95%
[14:45:49] [Server thread/INFO]: Time elapsed: 9284 ms
[14:45:49] [Server thread/INFO]: Done (11.657s)! For help, type "help"
